<?xml version="1.0" encoding="UTF-8"?>
<testsuite xmlns:xsi="http://www.w3.org/2001/XMLSchema-instance" xsi:noNamespaceSchemaLocation="https://maven.apache.org/surefire/maven-surefire-plugin/xsd/surefire-test-report-3.0.xsd" version="3.0" name="com.jobprep.jobprep_platform.JobprepPlatformApplicationTests" time="12.741" tests="1" errors="0" skipped="0" failures="0">
  <properties>
[...]
</properties>
  <testcase name="contextLoads" classname="com.jobprep.jobprep_platform.JobprepPlatformApplicationTests" time="10.788">
    <system-out><![CDATA[00:11:45.962 [main] INFO org.springframework.test.context.support.AnnotationConfigContextLoaderUtils -- Could not detect default configuration classes for test class [com.jobprep.jobprep_platform.JobprepPlatformApplicationTests]: JobprepPlatformApplicationTests does not declare any static, non-private, non-final, nested classes annotated with @Configuration.
00:11:46.015 [main] INFO org.springframework.boot.test.context.SpringBootTestContextBootstrapper -- Found @SpringBootConfiguration com.jobprep.jobprep_platform.JobprepPlatformApplication for test class com.jobprep.jobprep_platform.JobprepPlatformApplicationTests

  .   ____          _            __ _ _
 /\\ / ___'_ __ _ _(_)_ __  __ _ \ \ \ \
( ( )\___ | '_ | '_| | '_ \/ _` | \ \ \ \
 \\/  ___)| |_)| | | | | || (_| |  ) ) ) )
  '  |____| .__|_| |_|_| |_\__, | / / / /
 =========|_|==============|___/=/_/_/_/

 :: Spring Boot ::                (v3.3.2)

2026-05-27T00:11:46.198-05:00  INFO 81594 --- [jobprep_platform] [           main] c.j.j.JobprepPlatformApplicationTests    : Starting JobprepPlatformApplicationTests using Java 17.0.18 with PID 81594 (started by ziweigao in /Users/ziweigao/Desktop/workspace/jobprep-platform/backend)
2026-05-27T00:11:46.199-05:00  INFO 81594 --- [jobprep_platform] [           main] c.j.j.JobprepPlatformApplicationTests    : The following 1 profile is active: "dev"
2026-05-27T00:11:46.550-05:00  INFO 81594 --- [jobprep_platform] [           main] .s.d.r.c.RepositoryConfigurationDelegate : Multiple Spring Data modules found, entering strict repository configuration mode
2026-05-27T00:11:46.551-05:00  INFO 81594 --- [jobprep_platform] [           main] .s.d.r.c.RepositoryConfigurationDelegate : Bootstrapping Spring Data Redis repositories in DEFAULT mode.
2026-05-27T00:11:46.573-05:00  INFO 81594 --- [jobprep_platform] [           main] .s.d.r.c.RepositoryConfigurationDelegate : Finished Spring Data repository scanning in 11 ms. Found 0 Redis repository interfaces.
2026-05-27T00:11:46.624-05:00 DEBUG 81594 --- [jobprep_platform] [           main] org.apache.ibatis.logging.LogFactory     : Logging initialized using 'class org.apache.ibatis.logging.slf4j.Slf4jImpl' adapter.
Logging initialized using 'class org.apache.ibatis.logging.stdout.StdOutImpl' adapter.
2026-05-27T00:11:47.455-05:00  WARN 81594 --- [jobprep_platform] [           main] .s.s.UserDetailsServiceAutoConfiguration : 

Using generated security password: 0985a560-a22e-40e0-a87a-5c82865527a3

This generated password is for development use only. Your security configuration must be updated before running your application in production.

2026-05-27T00:11:47.460-05:00  INFO 81594 --- [jobprep_platform] [           main] r$InitializeUserDetailsManagerConfigurer : Global AuthenticationManager configured with UserDetailsService bean with name inMemoryUserDetailsManager
2026-05-27T00:11:47.846-05:00  INFO 81594 --- [jobprep_platform] [           main] c.j.j.JobprepPlatformApplicationTests    : Started JobprepPlatformApplicationTests in 1.782 seconds (process running for 2.142)
]]></system-out>
  </testcase>
</testsuite>